<?xml version="1.0" encoding="UTF-8"?>
<testsuite name="animals.AbstractAnimalTest$SearchServiceTest" tests="3" skipped="0" failures="0" errors="0" timestamp="2024-02-06T19:23:14" hostname="nikitas-MacBook-Air.local" time="0.025">
  <properties/>
  <testcase name="findDuplicate" classname="animals.AbstractAnimalTest$SearchServiceTest" time="0.018"/>
  <testcase name="findOlderAnimal" classname="animals.AbstractAnimalTest$SearchServiceTest" time="0.004"/>
  <testcase name="findLeapYearNames" classname="animals.AbstractAnimalTest$SearchServiceTest" time="0.001"/>
  <system-out><![CDATA[[breed: Dog
name: Jack
cost: 10.12
character: soft
birthDate: 15-06-2006, breed: Dog
name: Sharik
cost: 10.12
character: soft
birthDate: 15-06-2012, breed: Dog
name: Sharik
cost: 10.12
character: soft
birthDate: 15-06-2012, breed: Dog
name: Bobik
cost: 10.12
character: soft
birthDate: 15-06-2005]
]]></system-out>
  <system-err><![CDATA[]]></system-err>
</testsuite>
